c:\users\melod\documents\final-year-project-melodyyqz\build\src\prog.dir\debug\vc143.pdb
c:\users\melod\documents\final-year-project-melodyyqz\build\src\prog.dir\debug\mat44.obj
c:\users\melod\documents\final-year-project-melodyyqz\build\src\prog.dir\debug\empty.obj
c:\users\melod\documents\final-year-project-melodyyqz\build\src\prog.dir\debug\simple_mesh.obj
c:\users\melod\documents\final-year-project-melodyyqz\build\src\prog.dir\debug\main.obj
c:\users\melod\documents\final-year-project-melodyyqz\build\src\prog.dir\debug\empty_source.obj
c:\users\melod\documents\final-year-project-melodyyqz\build\src\cmakefiles\generate.stamp
c:\users\melod\documents\final-year-project-melodyyqz\build\bin\debug\prog.pdb
c:\users\melod\documents\final-year-project-melodyyqz\build\src\prog.dir\debug\prog.tlog\cl.command.1.tlog
c:\users\melod\documents\final-year-project-melodyyqz\build\src\prog.dir\debug\prog.tlog\cl.items.tlog
c:\users\melod\documents\final-year-project-melodyyqz\build\src\prog.dir\debug\prog.tlog\cl.read.1.tlog
c:\users\melod\documents\final-year-project-melodyyqz\build\src\prog.dir\debug\prog.tlog\cl.write.1.tlog
c:\users\melod\documents\final-year-project-melodyyqz\build\src\prog.dir\debug\prog.tlog\custombuild.command.1.tlog
c:\users\melod\documents\final-year-project-melodyyqz\build\src\prog.dir\debug\prog.tlog\custombuild.read.1.tlog
c:\users\melod\documents\final-year-project-melodyyqz\build\src\prog.dir\debug\prog.tlog\custombuild.write.1.tlog
c:\users\melod\documents\final-year-project-melodyyqz\build\src\prog.dir\debug\prog.tlog\link-cvtres.read.1.tlog
c:\users\melod\documents\final-year-project-melodyyqz\build\src\prog.dir\debug\prog.tlog\link-cvtres.write.1.tlog
c:\users\melod\documents\final-year-project-melodyyqz\build\src\prog.dir\debug\prog.tlog\link-rc.read.1.tlog
c:\users\melod\documents\final-year-project-melodyyqz\build\src\prog.dir\debug\prog.tlog\link-rc.write.1.tlog
c:\users\melod\documents\final-year-project-melodyyqz\build\src\prog.dir\debug\prog.tlog\link.8284-cvtres.read.1.tlog
c:\users\melod\documents\final-year-project-melodyyqz\build\src\prog.dir\debug\prog.tlog\link.8284-cvtres.write.1.tlog
c:\users\melod\documents\final-year-project-melodyyqz\build\src\prog.dir\debug\prog.tlog\link.8284-rc.read.1.tlog
c:\users\melod\documents\final-year-project-melodyyqz\build\src\prog.dir\debug\prog.tlog\link.8284-rc.write.1.tlog
c:\users\melod\documents\final-year-project-melodyyqz\build\src\prog.dir\debug\prog.tlog\link.8284.read.1.tlog
c:\users\melod\documents\final-year-project-melodyyqz\build\src\prog.dir\debug\prog.tlog\link.8284.read.2.tlog
c:\users\melod\documents\final-year-project-melodyyqz\build\src\prog.dir\debug\prog.tlog\link.8284.write.1.tlog
c:\users\melod\documents\final-year-project-melodyyqz\build\src\prog.dir\debug\prog.tlog\link.command.1.tlog
c:\users\melod\documents\final-year-project-melodyyqz\build\src\prog.dir\debug\prog.tlog\link.read.1.tlog
c:\users\melod\documents\final-year-project-melodyyqz\build\src\prog.dir\debug\prog.tlog\link.read.2.tlog
c:\users\melod\documents\final-year-project-melodyyqz\build\src\prog.dir\debug\prog.tlog\link.read.3.tlog
c:\users\melod\documents\final-year-project-melodyyqz\build\src\prog.dir\debug\prog.tlog\link.write.1.tlog
